# JRE version: Java(TM) SE Runtime Environment (8.0_60-b27) (build 1.8.0_60-b27)
# Java VM: Java HotSpot(TM) 64-Bit Server VM (25.60-b23 mixed mode linux-amd64 compressed oops)
Heap:
 PSYoungGen      total 119808K, used 34771K [0x00000000eab00000, 0x00000000f4e00000, 0x0000000100000000)
  eden space 82432K, 0% used [0x00000000eab00000,0x00000000eab00000,0x00000000efb80000)
  from space 37376K, 93% used [0x00000000efb80000,0x00000000f1d74c98,0x00000000f2000000)
  to   space 39424K, 0% used [0x00000000f2000000,0x00000000f2000000,0x00000000f4680000)
 ParOldGen       total 81408K, used 21405K [0x00000000c0000000, 0x00000000c4f80000, 0x00000000eab00000)
  object space 81408K, 26% used [0x00000000c0000000,0x00000000c14e75a0,0x00000000c4f80000)
 Metaspace       used 4766K, capacity 5464K, committed 5760K, reserved 1056768K
  class space    used 495K, capacity 528K, committed 640K, reserved 1048576K
GC Heap History (10 events):
Event: 2.161 GC heap after
Heap after GC invocations=3 (full 0):
 PSYoungGen      total 33280K, used 2537K [0x00000000eab00000, 0x00000000eec00000, 0x0000000100000000)
  eden space 30720K, 0% used [0x00000000eab00000,0x00000000eab00000,0x00000000ec900000)
  from space 2560K, 99% used [0x00000000ec900000,0x00000000ecb7a7b8,0x00000000ecb80000)
  to   space 2560K, 0% used [0x00000000ee980000,0x00000000ee980000,0x00000000eec00000)
 ParOldGen       total 50688K, used 46319K [0x00000000c0000000, 0x00000000c3180000, 0x00000000eab00000)
  object space 50688K, 91% used [0x00000000c0000000,0x00000000c2d3be10,0x00000000c3180000)
 Metaspace       used 3845K, capacity 4944K, committed 5120K, reserved 1056768K
  class space    used 405K, capacity 456K, committed 512K, reserved 1048576K
}
Event: 2.161 GC heap before
{Heap before GC invocations=4 (full 1):
 PSYoungGen      total 33280K, used 2537K [0x00000000eab00000, 0x00000000eec00000, 0x0000000100000000)
  eden space 30720K, 0% used [0x00000000eab00000,0x00000000eab00000,0x00000000ec900000)
  from space 2560K, 99% used [0x00000000ec900000,0x00000000ecb7a7b8,0x00000000ecb80000)
  to   space 2560K, 0% used [0x00000000ee980000,0x00000000ee980000,0x00000000eec00000)
 ParOldGen       total 50688K, used 46319K [0x00000000c0000000, 0x00000000c3180000, 0x00000000eab00000)
  object space 50688K, 91% used [0x00000000c0000000,0x00000000c2d3be10,0x00000000c3180000)
 Metaspace       used 3845K, capacity 4944K, committed 5120K, reserved 1056768K
  class space    used 405K, capacity 456K, committed 512K, reserved 1048576K
Event: 2.251 GC heap after
Heap after GC invocations=4 (full 1):
 PSYoungGen      total 33280K, used 0K [0x00000000eab00000, 0x00000000eec00000, 0x0000000100000000)
  eden space 30720K, 0% used [0x00000000eab00000,0x00000000eab00000,0x00000000ec900000)
  from space 2560K, 0% used [0x00000000ec900000,0x00000000ec900000,0x00000000ecb80000)
  to   space 2560K, 0% used [0x00000000ee980000,0x00000000ee980000,0x00000000eec00000)
 ParOldGen       total 81408K, used 19879K [0x00000000c0000000, 0x00000000c4f80000, 0x00000000eab00000)
  object space 81408K, 24% used [0x00000000c0000000,0x00000000c1369c60,0x00000000c4f80000)
 Metaspace       used 3845K, capacity 4944K, committed 5120K, reserved 1056768K
  class space    used 405K, capacity 456K, committed 512K, reserved 1048576K
}
Event: 2.824 GC heap before
{Heap before GC invocations=5 (full 1):
 PSYoungGen      total 33280K, used 30720K [0x00000000eab00000, 0x00000000eec00000, 0x0000000100000000)
  eden space 30720K, 100% used [0x00000000eab00000,0x00000000ec900000,0x00000000ec900000)
  from space 2560K, 0% used [0x00000000ec900000,0x00000000ec900000,0x00000000ecb80000)
  to   space 2560K, 0% used [0x00000000ee980000,0x00000000ee980000,0x00000000eec00000)
 ParOldGen       total 81408K, used 19879K [0x00000000c0000000, 0x00000000c4f80000, 0x00000000eab00000)
  object space 81408K, 24% used [0x00000000c0000000,0x00000000c1369c60,0x00000000c4f80000)
 Metaspace       used 3947K, capacity 5008K, committed 5120K, reserved 1056768K
  class space    used 411K, capacity 456K, committed 512K, reserved 1048576K
Event: 2.838 GC heap after
Heap after GC invocations=5 (full 1):
 PSYoungGen      total 51200K, used 960K [0x00000000eab00000, 0x00000000eea80000, 0x0000000100000000)
  eden space 50176K, 0% used [0x00000000eab00000,0x00000000eab00000,0x00000000edc00000)
  from space 1024K, 93% used [0x00000000ee980000,0x00000000eea70000,0x00000000eea80000)
  to   space 2560K, 0% used [0x00000000ee580000,0x00000000ee580000,0x00000000ee800000)
 ParOldGen       total 81408K, used 19887K [0x00000000c0000000, 0x00000000c4f80000, 0x00000000eab00000)
  object space 81408K, 24% used [0x00000000c0000000,0x00000000c136bc60,0x00000000c4f80000)
 Metaspace       used 3947K, capacity 5008K, committed 5120K, reserved 1056768K
  class space    used 411K, capacity 456K, committed 512K, reserved 1048576K
}
Event: 4.014 GC heap before
{Heap before GC invocations=6 (full 1):
 PSYoungGen      total 51200K, used 51136K [0x00000000eab00000, 0x00000000eea80000, 0x0000000100000000)
  eden space 50176K, 100% used [0x00000000eab00000,0x00000000edc00000,0x00000000edc00000)
  from space 1024K, 93% used [0x00000000ee980000,0x00000000eea70000,0x00000000eea80000)
  to   space 2560K, 0% used [0x00000000ee580000,0x00000000ee580000,0x00000000ee800000)
 ParOldGen       total 81408K, used 19887K [0x00000000c0000000, 0x00000000c4f80000, 0x00000000eab00000)
  object space 81408K, 24% used [0x00000000c0000000,0x00000000c136bc60,0x00000000c4f80000)
 Metaspace       used 4430K, capacity 5424K, committed 5632K, reserved 1056768K
  class space    used 458K, capacity 488K, committed 512K, reserved 1048576K
Event: 4.053 GC heap after
Heap after GC invocations=6 (full 1):
 PSYoungGen      total 62464K, used 2558K [0x00000000eab00000, 0x00000000f4680000, 0x0000000100000000)
  eden space 59904K, 0% used [0x00000000eab00000,0x00000000eab00000,0x00000000ee580000)
  from space 2560K, 99% used [0x00000000ee580000,0x00000000ee7ff970,0x00000000ee800000)
  to   space 39424K, 0% used [0x00000000f2000000,0x00000000f2000000,0x00000000f4680000)
 ParOldGen       total 81408K, used 21397K [0x00000000c0000000, 0x00000000c4f80000, 0x00000000eab00000)
  object space 81408K, 26% used [0x00000000c0000000,0x00000000c14e55a0,0x00000000c4f80000)
 Metaspace       used 4430K, capacity 5424K, committed 5632K, reserved 1056768K
  class space    used 458K, capacity 488K, committed 512K, reserved 1048576K
}
Event: 5.220 GC heap before
{Heap before GC invocations=7 (full 1):
 PSYoungGen      total 62464K, used 59482K [0x00000000eab00000, 0x00000000f4680000, 0x0000000100000000)
  eden space 59904K, 95% used [0x00000000eab00000,0x00000000ee297148,0x00000000ee580000)
  from space 2560K, 99% used [0x00000000ee580000,0x00000000ee7ff970,0x00000000ee800000)
  to   space 39424K, 0% used [0x00000000f2000000,0x00000000f2000000,0x00000000f4680000)
 ParOldGen       total 81408K, used 21397K [0x00000000c0000000, 0x00000000c4f80000, 0x00000000eab00000)
  object space 81408K, 26% used [0x00000000c0000000,0x00000000c14e55a0,0x00000000c4f80000)
 Metaspace       used 4753K, capacity 5432K, committed 5632K, reserved 1056768K
  class space    used 494K, capacity 496K, committed 512K, reserved 1048576K
Event: 5.230 GC heap after
Heap after GC invocations=7 (full 1):
 PSYoungGen      total 121856K, used 2048K [0x00000000eab00000, 0x00000000f4e00000, 0x0000000100000000)
  eden space 82432K, 0% used [0x00000000eab00000,0x00000000eab00000,0x00000000efb80000)
  from space 39424K, 5% used [0x00000000f2000000,0x00000000f2200018,0x00000000f4680000)
  to   space 37376K, 0% used [0x00000000efb80000,0x00000000efb80000,0x00000000f2000000)
 ParOldGen       total 81408K, used 21405K [0x00000000c0000000, 0x00000000c4f80000, 0x00000000eab00000)
  object space 81408K, 26% used [0x00000000c0000000,0x00000000c14e75a0,0x00000000c4f80000)
 Metaspace       used 4753K, capacity 5432K, committed 5632K, reserved 1056768K
  class space    used 494K, capacity 496K, committed 512K, reserved 1048576K
}
Event: 6.072 GC heap before
{Heap before GC invocations=8 (full 1):
 PSYoungGen      total 121856K, used 84480K [0x00000000eab00000, 0x00000000f4e00000, 0x0000000100000000)
  eden space 82432K, 100% used [0x00000000eab00000,0x00000000efb80000,0x00000000efb80000)
  from space 39424K, 5% used [0x00000000f2000000,0x00000000f2200018,0x00000000f4680000)
  to   space 37376K, 0% used [0x00000000efb80000,0x00000000efb80000,0x00000000f2000000)
 ParOldGen       total 81408K, used 21405K [0x00000000c0000000, 0x00000000c4f80000, 0x00000000eab00000)
  object space 81408K, 26% used [0x00000000c0000000,0x00000000c14e75a0,0x00000000c4f80000)
 Metaspace       used 4766K, capacity 5464K, committed 5760K, reserved 1056768K
  class space    used 495K, capacity 528K, committed 640K, reserved 1048576K

