# JRE version: Java(TM) SE Runtime Environment (8.0_60-b27) (build 1.8.0_60-b27)
# Java VM: Java HotSpot(TM) 64-Bit Server VM (25.60-b23 mixed mode linux-amd64 compressed oops)
Heap:
 PSYoungGen      total 179200K, used 24896K [0x00000000eab00000, 0x00000000f8b80000, 0x0000000100000000)
  eden space 135168K, 0% used [0x00000000eab00000,0x00000000eab00000,0x00000000f2f00000)
  from space 44032K, 56% used [0x00000000f3580000,0x00000000f4dd0010,0x00000000f6080000)
  to   space 32256K, 0% used [0x00000000f6c00000,0x00000000f6c00000,0x00000000f8b80000)
 ParOldGen       total 155136K, used 152437K [0x00000000c0000000, 0x00000000c9780000, 0x00000000eab00000)
  object space 155136K, 98% used [0x00000000c0000000,0x00000000c94dd4a0,0x00000000c9780000)
 Metaspace       used 6435K, capacity 7256K, committed 7424K, reserved 1056768K
  class space    used 613K, capacity 656K, committed 768K, reserved 1048576K
GC Heap History (10 events):
Event: 60.984 GC heap after
Heap after GC invocations=9 (full 0):
 PSYoungGen      total 132096K, used 132081K [0x00000000eab00000, 0x00000000f4500000, 0x0000000100000000)
  eden space 117248K, 100% used [0x00000000eab00000,0x00000000f1d80000,0x00000000f1d80000)
  from space 14848K, 99% used [0x00000000f2f80000,0x00000000f3dfc5f8,0x00000000f3e00000)
  to   space 18432K, 99% used [0x00000000f1d80000,0x00000000f2f7ded8,0x00000000f2f80000)
 ParOldGen       total 75264K, used 74877K [0x00000000c0000000, 0x00000000c4980000, 0x00000000eab00000)
  object space 75264K, 99% used [0x00000000c0000000,0x00000000c491f7e0,0x00000000c4980000)
 Metaspace       used 6211K, capacity 7128K, committed 7424K, reserved 1056768K
  class space    used 612K, capacity 656K, committed 768K, reserved 1048576K
}
Event: 60.984 GC heap before
{Heap before GC invocations=10 (full 1):
 PSYoungGen      total 132096K, used 132081K [0x00000000eab00000, 0x00000000f4500000, 0x0000000100000000)
  eden space 117248K, 100% used [0x00000000eab00000,0x00000000f1d80000,0x00000000f1d80000)
  from space 14848K, 99% used [0x00000000f2f80000,0x00000000f3dfc5f8,0x00000000f3e00000)
  to   space 18432K, 99% used [0x00000000f1d80000,0x00000000f2f7ded8,0x00000000f2f80000)
 ParOldGen       total 75264K, used 74877K [0x00000000c0000000, 0x00000000c4980000, 0x00000000eab00000)
  object space 75264K, 99% used [0x00000000c0000000,0x00000000c491f7e0,0x00000000c4980000)
 Metaspace       used 6211K, capacity 7128K, committed 7424K, reserved 1056768K
  class space    used 612K, capacity 656K, committed 768K, reserved 1048576K
Event: 63.857 GC heap after
Heap after GC invocations=10 (full 1):
 PSYoungGen      total 132096K, used 19455K [0x00000000eab00000, 0x00000000f4500000, 0x0000000100000000)
  eden space 117248K, 16% used [0x00000000eab00000,0x00000000ebdffe28,0x00000000f1d80000)
  from space 14848K, 0% used [0x00000000f2f80000,0x00000000f2f80000,0x00000000f3e00000)
  to   space 18432K, 0% used [0x00000000f1d80000,0x00000000f1d80000,0x00000000f2f80000)
 ParOldGen       total 102912K, used 75263K [0x00000000c0000000, 0x00000000c6480000, 0x00000000eab00000)
  object space 102912K, 73% used [0x00000000c0000000,0x00000000c497ff20,0x00000000c6480000)
 Metaspace       used 6211K, capacity 7128K, committed 7424K, reserved 1056768K
  class space    used 612K, capacity 656K, committed 768K, reserved 1048576K
}
Event: 68.099 GC heap before
{Heap before GC invocations=11 (full 1):
 PSYoungGen      total 132096K, used 117248K [0x00000000eab00000, 0x00000000f4500000, 0x0000000100000000)
  eden space 117248K, 100% used [0x00000000eab00000,0x00000000f1d80000,0x00000000f1d80000)
  from space 14848K, 0% used [0x00000000f2f80000,0x00000000f2f80000,0x00000000f3e00000)
  to   space 18432K, 0% used [0x00000000f1d80000,0x00000000f1d80000,0x00000000f2f80000)
 ParOldGen       total 102912K, used 75263K [0x00000000c0000000, 0x00000000c6480000, 0x00000000eab00000)
  object space 102912K, 73% used [0x00000000c0000000,0x00000000c497ff20,0x00000000c6480000)
 Metaspace       used 6224K, capacity 7128K, committed 7424K, reserved 1056768K
  class space    used 613K, capacity 656K, committed 768K, reserved 1048576K
Event: 69.200 GC heap after
Heap after GC invocations=11 (full 1):
 PSYoungGen      total 135680K, used 18412K [0x00000000eab00000, 0x00000000f8b80000, 0x0000000100000000)
  eden space 117248K, 0% used [0x00000000eab00000,0x00000000eab00000,0x00000000f1d80000)
  from space 18432K, 99% used [0x00000000f1d80000,0x00000000f2f7b3f8,0x00000000f2f80000)
  to   space 32256K, 0% used [0x00000000f6c00000,0x00000000f6c00000,0x00000000f8b80000)
 ParOldGen       total 102912K, used 101066K [0x00000000c0000000, 0x00000000c6480000, 0x00000000eab00000)
  object space 102912K, 98% used [0x00000000c0000000,0x00000000c62b29b8,0x00000000c6480000)
 Metaspace       used 6224K, capacity 7128K, committed 7424K, reserved 1056768K
  class space    used 613K, capacity 656K, committed 768K, reserved 1048576K
}
Event: 69.200 GC heap before
{Heap before GC invocations=12 (full 2):
 PSYoungGen      total 135680K, used 18412K [0x00000000eab00000, 0x00000000f8b80000, 0x0000000100000000)
  eden space 117248K, 0% used [0x00000000eab00000,0x00000000eab00000,0x00000000f1d80000)
  from space 18432K, 99% used [0x00000000f1d80000,0x00000000f2f7b3f8,0x00000000f2f80000)
  to   space 32256K, 0% used [0x00000000f6c00000,0x00000000f6c00000,0x00000000f8b80000)
 ParOldGen       total 102912K, used 101066K [0x00000000c0000000, 0x00000000c6480000, 0x00000000eab00000)
  object space 102912K, 98% used [0x00000000c0000000,0x00000000c62b29b8,0x00000000c6480000)
 Metaspace       used 6224K, capacity 7128K, committed 7424K, reserved 1056768K
  class space    used 613K, capacity 656K, committed 768K, reserved 1048576K
Event: 74.251 GC heap after
Heap after GC invocations=12 (full 2):
 PSYoungGen      total 135680K, used 15098K [0x00000000eab00000, 0x00000000f8b80000, 0x0000000100000000)
  eden space 117248K, 0% used [0x00000000eab00000,0x00000000eab00000,0x00000000f1d80000)
  from space 18432K, 81% used [0x00000000f1d80000,0x00000000f2c3e9e0,0x00000000f2f80000)
  to   space 32256K, 0% used [0x00000000f6c00000,0x00000000f6c00000,0x00000000f8b80000)
 ParOldGen       total 155136K, used 102811K [0x00000000c0000000, 0x00000000c9780000, 0x00000000eab00000)
  object space 155136K, 66% used [0x00000000c0000000,0x00000000c6466f08,0x00000000c9780000)
 Metaspace       used 6224K, capacity 7128K, committed 7424K, reserved 1056768K
  class space    used 613K, capacity 656K, committed 768K, reserved 1048576K
}
Event: 88.155 GC heap before
{Heap before GC invocations=13 (full 2):
 PSYoungGen      total 135680K, used 132346K [0x00000000eab00000, 0x00000000f8b80000, 0x0000000100000000)
  eden space 117248K, 100% used [0x00000000eab00000,0x00000000f1d80000,0x00000000f1d80000)
  from space 18432K, 81% used [0x00000000f1d80000,0x00000000f2c3e9e0,0x00000000f2f80000)
  to   space 32256K, 0% used [0x00000000f6c00000,0x00000000f6c00000,0x00000000f8b80000)
 ParOldGen       total 155136K, used 102811K [0x00000000c0000000, 0x00000000c9780000, 0x00000000eab00000)
  object space 155136K, 66% used [0x00000000c0000000,0x00000000c6466f08,0x00000000c9780000)
 Metaspace       used 6314K, capacity 7192K, committed 7424K, reserved 1056768K
  class space    used 613K, capacity 656K, committed 768K, reserved 1048576K
Event: 89.434 GC heap after
Heap after GC invocations=13 (full 2):
 PSYoungGen      total 167424K, used 32238K [0x00000000eab00000, 0x00000000f8b80000, 0x0000000100000000)
  eden space 135168K, 0% used [0x00000000eab00000,0x00000000eab00000,0x00000000f2f00000)
  from space 32256K, 99% used [0x00000000f6c00000,0x00000000f8b7b840,0x00000000f8b80000)
  to   space 44032K, 0% used [0x00000000f3580000,0x00000000f3580000,0x00000000f6080000)
 ParOldGen       total 155136K, used 120014K [0x00000000c0000000, 0x00000000c9780000, 0x00000000eab00000)
  object space 155136K, 77% used [0x00000000c0000000,0x00000000c7533a18,0x00000000c9780000)
 Metaspace       used 6314K, capacity 7192K, committed 7424K, reserved 1056768K
  class space    used 613K, capacity 656K, committed 768K, reserved 1048576K
}
Event: 111.684 GC heap before
{Heap before GC invocations=14 (full 2):
 PSYoungGen      total 167424K, used 167406K [0x00000000eab00000, 0x00000000f8b80000, 0x0000000100000000)
  eden space 135168K, 100% used [0x00000000eab00000,0x00000000f2f00000,0x00000000f2f00000)
  from space 32256K, 99% used [0x00000000f6c00000,0x00000000f8b7b840,0x00000000f8b80000)
  to   space 44032K, 0% used [0x00000000f3580000,0x00000000f3580000,0x00000000f6080000)
 ParOldGen       total 155136K, used 120014K [0x00000000c0000000, 0x00000000c9780000, 0x00000000eab00000)
  object space 155136K, 77% used [0x00000000c0000000,0x00000000c7533a18,0x00000000c9780000)
 Metaspace       used 6435K, capacity 7256K, committed 7424K, reserved 1056768K
  class space    used 613K, capacity 656K, committed 768K, reserved 1048576K

