# JRE version: Java(TM) SE Runtime Environment (8.0_60-b27) (build 1.8.0_60-b27)
# Java VM: Java HotSpot(TM) 64-Bit Server VM (25.60-b23 mixed mode linux-amd64 compressed oops)
Heap:
 PSYoungGen      total 218112K, used 0K [0x00000000eab00000, 0x0000000100000000, 0x0000000100000000)
  eden space 116736K, 0% used [0x00000000eab00000,0x00000000eab00000,0x00000000f1d00000)
  from space 101376K, 0% used [0x00000000f9d00000,0x00000000f9d00000,0x0000000100000000)
  to   space 116224K, 0% used [0x00000000f1d00000,0x00000000f1d00000,0x00000000f8e80000)
 ParOldGen       total 238592K, used 191901K [0x00000000c0000000, 0x00000000ce900000, 0x00000000eab00000)
  object space 238592K, 80% used [0x00000000c0000000,0x00000000cbb67700,0x00000000ce900000)
 Metaspace       used 6441K, capacity 7256K, committed 7424K, reserved 1056768K
  class space    used 614K, capacity 656K, committed 768K, reserved 1048576K
GC Heap History (10 events):
Event: 68.606 GC heap after
Heap after GC invocations=15 (full 2):
 PSYoungGen      total 237056K, used 59620K [0x00000000eab00000, 0x0000000100000000, 0x0000000100000000)
  eden space 153600K, 0% used [0x00000000eab00000,0x00000000eab00000,0x00000000f4100000)
  from space 83456K, 71% used [0x00000000f4100000,0x00000000f7b393b0,0x00000000f9280000)
  to   space 89600K, 0% used [0x00000000fa880000,0x00000000fa880000,0x0000000100000000)
 ParOldGen       total 221184K, used 220242K [0x00000000c0000000, 0x00000000cd800000, 0x00000000eab00000)
  object space 221184K, 99% used [0x00000000c0000000,0x00000000cd714b60,0x00000000cd800000)
 Metaspace       used 6425K, capacity 7256K, committed 7424K, reserved 1056768K
  class space    used 614K, capacity 656K, committed 768K, reserved 1048576K
}
Event: 68.606 GC heap before
{Heap before GC invocations=16 (full 3):
 PSYoungGen      total 237056K, used 59620K [0x00000000eab00000, 0x0000000100000000, 0x0000000100000000)
  eden space 153600K, 0% used [0x00000000eab00000,0x00000000eab00000,0x00000000f4100000)
  from space 83456K, 71% used [0x00000000f4100000,0x00000000f7b393b0,0x00000000f9280000)
  to   space 89600K, 0% used [0x00000000fa880000,0x00000000fa880000,0x0000000100000000)
 ParOldGen       total 221184K, used 220242K [0x00000000c0000000, 0x00000000cd800000, 0x00000000eab00000)
  object space 221184K, 99% used [0x00000000c0000000,0x00000000cd714b60,0x00000000cd800000)
 Metaspace       used 6425K, capacity 7256K, committed 7424K, reserved 1056768K
  class space    used 614K, capacity 656K, committed 768K, reserved 1048576K
Event: 75.016 GC heap after
Heap after GC invocations=16 (full 3):
 PSYoungGen      total 237056K, used 0K [0x00000000eab00000, 0x0000000100000000, 0x0000000100000000)
  eden space 153600K, 0% used [0x00000000eab00000,0x00000000eab00000,0x00000000f4100000)
  from space 83456K, 0% used [0x00000000f4100000,0x00000000f4100000,0x00000000f9280000)
  to   space 89600K, 0% used [0x00000000fa880000,0x00000000fa880000,0x0000000100000000)
 ParOldGen       total 238592K, used 111826K [0x00000000c0000000, 0x00000000ce900000, 0x00000000eab00000)
  object space 238592K, 46% used [0x00000000c0000000,0x00000000c6d34ba0,0x00000000ce900000)
 Metaspace       used 6425K, capacity 7256K, committed 7424K, reserved 1056768K
  class space    used 614K, capacity 656K, committed 768K, reserved 1048576K
}
Event: 77.068 GC heap before
{Heap before GC invocations=17 (full 3):
 PSYoungGen      total 237056K, used 153600K [0x00000000eab00000, 0x0000000100000000, 0x0000000100000000)
  eden space 153600K, 100% used [0x00000000eab00000,0x00000000f4100000,0x00000000f4100000)
  from space 83456K, 0% used [0x00000000f4100000,0x00000000f4100000,0x00000000f9280000)
  to   space 89600K, 0% used [0x00000000fa880000,0x00000000fa880000,0x0000000100000000)
 ParOldGen       total 238592K, used 111826K [0x00000000c0000000, 0x00000000ce900000, 0x00000000eab00000)
  object space 238592K, 46% used [0x00000000c0000000,0x00000000c6d34ba0,0x00000000ce900000)
 Metaspace       used 6427K, capacity 7256K, committed 7424K, reserved 1056768K
  class space    used 614K, capacity 656K, committed 768K, reserved 1048576K
Event: 77.653 GC heap after
Heap after GC invocations=17 (full 3):
 PSYoungGen      total 236032K, used 78718K [0x00000000eab00000, 0x0000000100000000, 0x0000000100000000)
  eden space 146432K, 0% used [0x00000000eab00000,0x00000000eab00000,0x00000000f3a00000)
  from space 89600K, 87% used [0x00000000fa880000,0x00000000ff55fb68,0x0000000100000000)
  to   space 101376K, 0% used [0x00000000f3a00000,0x00000000f3a00000,0x00000000f9d00000)
 ParOldGen       total 238592K, used 111834K [0x00000000c0000000, 0x00000000ce900000, 0x00000000eab00000)
  object space 238592K, 46% used [0x00000000c0000000,0x00000000c6d36ba0,0x00000000ce900000)
 Metaspace       used 6427K, capacity 7256K, committed 7424K, reserved 1056768K
  class space    used 614K, capacity 656K, committed 768K, reserved 1048576K
}
Event: 80.876 GC heap before
{Heap before GC invocations=18 (full 3):
 PSYoungGen      total 236032K, used 225150K [0x00000000eab00000, 0x0000000100000000, 0x0000000100000000)
  eden space 146432K, 100% used [0x00000000eab00000,0x00000000f3a00000,0x00000000f3a00000)
  from space 89600K, 87% used [0x00000000fa880000,0x00000000ff55fb68,0x0000000100000000)
  to   space 101376K, 0% used [0x00000000f3a00000,0x00000000f3a00000,0x00000000f9d00000)
 ParOldGen       total 238592K, used 111834K [0x00000000c0000000, 0x00000000ce900000, 0x00000000eab00000)
  object space 238592K, 46% used [0x00000000c0000000,0x00000000c6d36ba0,0x00000000ce900000)
 Metaspace       used 6440K, capacity 7256K, committed 7424K, reserved 1056768K
  class space    used 614K, capacity 656K, committed 768K, reserved 1048576K
Event: 81.329 GC heap after
Heap after GC invocations=18 (full 3):
 PSYoungGen      total 247808K, used 101357K [0x00000000eab00000, 0x0000000100000000, 0x0000000100000000)
  eden space 146432K, 0% used [0x00000000eab00000,0x00000000eab00000,0x00000000f3a00000)
  from space 101376K, 99% used [0x00000000f3a00000,0x00000000f9cfb628,0x00000000f9d00000)
  to   space 101376K, 0% used [0x00000000f9d00000,0x00000000f9d00000,0x0000000100000000)
 ParOldGen       total 238592K, used 120418K [0x00000000c0000000, 0x00000000ce900000, 0x00000000eab00000)
  object space 238592K, 50% used [0x00000000c0000000,0x00000000c7598918,0x00000000ce900000)
 Metaspace       used 6440K, capacity 7256K, committed 7424K, reserved 1056768K
  class space    used 614K, capacity 656K, committed 768K, reserved 1048576K
}
Event: 83.771 GC heap before
{Heap before GC invocations=19 (full 3):
 PSYoungGen      total 247808K, used 247789K [0x00000000eab00000, 0x0000000100000000, 0x0000000100000000)
  eden space 146432K, 100% used [0x00000000eab00000,0x00000000f3a00000,0x00000000f3a00000)
  from space 101376K, 99% used [0x00000000f3a00000,0x00000000f9cfb628,0x00000000f9d00000)
  to   space 101376K, 0% used [0x00000000f9d00000,0x00000000f9d00000,0x0000000100000000)
 ParOldGen       total 238592K, used 120418K [0x00000000c0000000, 0x00000000ce900000, 0x00000000eab00000)
  object space 238592K, 50% used [0x00000000c0000000,0x00000000c7598918,0x00000000ce900000)
 Metaspace       used 6441K, capacity 7256K, committed 7424K, reserved 1056768K
  class space    used 614K, capacity 656K, committed 768K, reserved 1048576K
Event: 84.706 GC heap after
Heap after GC invocations=19 (full 3):
 PSYoungGen      total 218112K, used 94133K [0x00000000eab00000, 0x0000000100000000, 0x0000000100000000)
  eden space 116736K, 0% used [0x00000000eab00000,0x00000000eab00000,0x00000000f1d00000)
  from space 101376K, 92% used [0x00000000f9d00000,0x00000000ff8ed5b0,0x0000000100000000)
  to   space 116224K, 0% used [0x00000000f1d00000,0x00000000f1d00000,0x00000000f8e80000)
 ParOldGen       total 238592K, used 188557K [0x00000000c0000000, 0x00000000ce900000, 0x00000000eab00000)
  object space 238592K, 79% used [0x00000000c0000000,0x00000000cb8234a8,0x00000000ce900000)
 Metaspace       used 6441K, capacity 7256K, committed 7424K, reserved 1056768K
  class space    used 614K, capacity 656K, committed 768K, reserved 1048576K
}
Event: 84.706 GC heap before
{Heap before GC invocations=20 (full 4):
 PSYoungGen      total 218112K, used 94133K [0x00000000eab00000, 0x0000000100000000, 0x0000000100000000)
  eden space 116736K, 0% used [0x00000000eab00000,0x00000000eab00000,0x00000000f1d00000)
  from space 101376K, 92% used [0x00000000f9d00000,0x00000000ff8ed5b0,0x0000000100000000)
  to   space 116224K, 0% used [0x00000000f1d00000,0x00000000f1d00000,0x00000000f8e80000)
 ParOldGen       total 238592K, used 188557K [0x00000000c0000000, 0x00000000ce900000, 0x00000000eab00000)
  object space 238592K, 79% used [0x00000000c0000000,0x00000000cb8234a8,0x00000000ce900000)
 Metaspace       used 6441K, capacity 7256K, committed 7424K, reserved 1056768K
  class space    used 614K, capacity 656K, committed 768K, reserved 1048576K

