# JRE version: Java(TM) SE Runtime Environment (8.0_60-b27) (build 1.8.0_60-b27)
# Java VM: Java HotSpot(TM) 64-Bit Server VM (25.60-b23 mixed mode linux-amd64 compressed oops)
Heap:
 PSYoungGen      total 181760K, used 37860K [0x00000000eab00000, 0x00000000f9f00000, 0x0000000100000000)
  eden space 143872K, 0% used [0x00000000eab00000,0x00000000eab00000,0x00000000f3780000)
  from space 37888K, 99% used [0x00000000f5500000,0x00000000f79f9320,0x00000000f7a00000)
  to   space 32256K, 0% used [0x00000000f7f80000,0x00000000f7f80000,0x00000000f9f00000)
 ParOldGen       total 120320K, used 120299K [0x00000000c0000000, 0x00000000c7580000, 0x00000000eab00000)
  object space 120320K, 99% used [0x00000000c0000000,0x00000000c757ae20,0x00000000c7580000)
 Metaspace       used 6420K, capacity 7256K, committed 7424K, reserved 1056768K
  class space    used 612K, capacity 656K, committed 768K, reserved 1048576K
GC Heap History (10 events):
Event: 19.475 GC heap after
Heap after GC invocations=7 (full 0):
 PSYoungGen      total 70144K, used 10208K [0x00000000eab00000, 0x00000000f3d00000, 0x0000000100000000)
  eden space 59904K, 0% used [0x00000000eab00000,0x00000000eab00000,0x00000000ee580000)
  from space 10240K, 99% used [0x00000000ee580000,0x00000000eef78010,0x00000000eef80000)
  to   space 14848K, 0% used [0x00000000f2e80000,0x00000000f2e80000,0x00000000f3d00000)
 ParOldGen       total 40960K, used 15201K [0x00000000c0000000, 0x00000000c2800000, 0x00000000eab00000)
  object space 40960K, 37% used [0x00000000c0000000,0x00000000c0ed8488,0x00000000c2800000)
 Metaspace       used 5975K, capacity 6936K, committed 7168K, reserved 1056768K
  class space    used 612K, capacity 656K, committed 768K, reserved 1048576K
}
Event: 21.638 GC heap before
{Heap before GC invocations=8 (full 0):
 PSYoungGen      total 70144K, used 70112K [0x00000000eab00000, 0x00000000f3d00000, 0x0000000100000000)
  eden space 59904K, 100% used [0x00000000eab00000,0x00000000ee580000,0x00000000ee580000)
  from space 10240K, 99% used [0x00000000ee580000,0x00000000eef78010,0x00000000eef80000)
  to   space 14848K, 0% used [0x00000000f2e80000,0x00000000f2e80000,0x00000000f3d00000)
 ParOldGen       total 40960K, used 15201K [0x00000000c0000000, 0x00000000c2800000, 0x00000000eab00000)
  object space 40960K, 37% used [0x00000000c0000000,0x00000000c0ed8488,0x00000000c2800000)
 Metaspace       used 6015K, capacity 6936K, committed 7168K, reserved 1056768K
  class space    used 612K, capacity 656K, committed 768K, reserved 1048576K
Event: 22.001 GC heap after
Heap after GC invocations=8 (full 0):
 PSYoungGen      total 130560K, used 14816K [0x00000000eab00000, 0x00000000f4500000, 0x0000000100000000)
  eden space 115712K, 0% used [0x00000000eab00000,0x00000000eab00000,0x00000000f1c00000)
  from space 14848K, 99% used [0x00000000f2e80000,0x00000000f3cf8020,0x00000000f3d00000)
  to   space 18944K, 0% used [0x00000000f1c00000,0x00000000f1c00000,0x00000000f2e80000)
 ParOldGen       total 40960K, used 18552K [0x00000000c0000000, 0x00000000c2800000, 0x00000000eab00000)
  object space 40960K, 45% used [0x00000000c0000000,0x00000000c121e048,0x00000000c2800000)
 Metaspace       used 6015K, capacity 6936K, committed 7168K, reserved 1056768K
  class space    used 612K, capacity 656K, committed 768K, reserved 1048576K
}
Event: 33.776 GC heap before
{Heap before GC invocations=9 (full 0):
 PSYoungGen      total 130560K, used 130528K [0x00000000eab00000, 0x00000000f4500000, 0x0000000100000000)
  eden space 115712K, 100% used [0x00000000eab00000,0x00000000f1c00000,0x00000000f1c00000)
  from space 14848K, 99% used [0x00000000f2e80000,0x00000000f3cf8020,0x00000000f3d00000)
  to   space 18944K, 0% used [0x00000000f1c00000,0x00000000f1c00000,0x00000000f2e80000)
 ParOldGen       total 40960K, used 18552K [0x00000000c0000000, 0x00000000c2800000, 0x00000000eab00000)
  object space 40960K, 45% used [0x00000000c0000000,0x00000000c121e048,0x00000000c2800000)
 Metaspace       used 6335K, capacity 7192K, committed 7424K, reserved 1056768K
  class space    used 612K, capacity 656K, committed 768K, reserved 1048576K
Event: 34.253 GC heap after
Heap after GC invocations=9 (full 0):
 PSYoungGen      total 134656K, used 18932K [0x00000000eab00000, 0x00000000f9f00000, 0x0000000100000000)
  eden space 115712K, 0% used [0x00000000eab00000,0x00000000eab00000,0x00000000f1c00000)
  from space 18944K, 99% used [0x00000000f1c00000,0x00000000f2e7d250,0x00000000f2e80000)
  to   space 32256K, 0% used [0x00000000f7f80000,0x00000000f7f80000,0x00000000f9f00000)
 ParOldGen       total 43520K, used 43503K [0x00000000c0000000, 0x00000000c2a80000, 0x00000000eab00000)
  object space 43520K, 99% used [0x00000000c0000000,0x00000000c2a7be08,0x00000000c2a80000)
 Metaspace       used 6335K, capacity 7192K, committed 7424K, reserved 1056768K
  class space    used 612K, capacity 656K, committed 768K, reserved 1048576K
}
Event: 34.253 GC heap before
{Heap before GC invocations=10 (full 1):
 PSYoungGen      total 134656K, used 18932K [0x00000000eab00000, 0x00000000f9f00000, 0x0000000100000000)
  eden space 115712K, 0% used [0x00000000eab00000,0x00000000eab00000,0x00000000f1c00000)
  from space 18944K, 99% used [0x00000000f1c00000,0x00000000f2e7d250,0x00000000f2e80000)
  to   space 32256K, 0% used [0x00000000f7f80000,0x00000000f7f80000,0x00000000f9f00000)
 ParOldGen       total 43520K, used 43503K [0x00000000c0000000, 0x00000000c2a80000, 0x00000000eab00000)
  object space 43520K, 99% used [0x00000000c0000000,0x00000000c2a7be08,0x00000000c2a80000)
 Metaspace       used 6335K, capacity 7192K, committed 7424K, reserved 1056768K
  class space    used 612K, capacity 656K, committed 768K, reserved 1048576K
Event: 38.304 GC heap after
Heap after GC invocations=10 (full 1):
 PSYoungGen      total 134656K, used 16330K [0x00000000eab00000, 0x00000000f9f00000, 0x0000000100000000)
  eden space 115712K, 0% used [0x00000000eab00000,0x00000000eab00000,0x00000000f1c00000)
  from space 18944K, 86% used [0x00000000f1c00000,0x00000000f2bf2b00,0x00000000f2e80000)
  to   space 32256K, 0% used [0x00000000f7f80000,0x00000000f7f80000,0x00000000f9f00000)
 ParOldGen       total 82432K, used 43288K [0x00000000c0000000, 0x00000000c5080000, 0x00000000eab00000)
  object space 82432K, 52% used [0x00000000c0000000,0x00000000c2a461e8,0x00000000c5080000)
 Metaspace       used 6335K, capacity 7192K, committed 7424K, reserved 1056768K
  class space    used 612K, capacity 656K, committed 768K, reserved 1048576K
}
Event: 51.188 GC heap before
{Heap before GC invocations=11 (full 1):
 PSYoungGen      total 134656K, used 132042K [0x00000000eab00000, 0x00000000f9f00000, 0x0000000100000000)
  eden space 115712K, 100% used [0x00000000eab00000,0x00000000f1c00000,0x00000000f1c00000)
  from space 18944K, 86% used [0x00000000f1c00000,0x00000000f2bf2b00,0x00000000f2e80000)
  to   space 32256K, 0% used [0x00000000f7f80000,0x00000000f7f80000,0x00000000f9f00000)
 ParOldGen       total 82432K, used 43288K [0x00000000c0000000, 0x00000000c5080000, 0x00000000eab00000)
  object space 82432K, 52% used [0x00000000c0000000,0x00000000c2a461e8,0x00000000c5080000)
 Metaspace       used 6410K, capacity 7192K, committed 7424K, reserved 1056768K
  class space    used 612K, capacity 656K, committed 768K, reserved 1048576K
Event: 51.822 GC heap after
Heap after GC invocations=11 (full 1):
 PSYoungGen      total 176128K, used 32106K [0x00000000eab00000, 0x00000000f9f00000, 0x0000000100000000)
  eden space 143872K, 0% used [0x00000000eab00000,0x00000000eab00000,0x00000000f3780000)
  from space 32256K, 99% used [0x00000000f7f80000,0x00000000f9edaa30,0x00000000f9f00000)
  to   space 37888K, 0% used [0x00000000f5500000,0x00000000f5500000,0x00000000f7a00000)
 ParOldGen       total 82432K, used 46656K [0x00000000c0000000, 0x00000000c5080000, 0x00000000eab00000)
  object space 82432K, 56% used [0x00000000c0000000,0x00000000c2d90208,0x00000000c5080000)
 Metaspace       used 6410K, capacity 7192K, committed 7424K, reserved 1056768K
  class space    used 612K, capacity 656K, committed 768K, reserved 1048576K
}
Event: 53.816 GC heap before
{Heap before GC invocations=12 (full 1):
 PSYoungGen      total 176128K, used 175978K [0x00000000eab00000, 0x00000000f9f00000, 0x0000000100000000)
  eden space 143872K, 100% used [0x00000000eab00000,0x00000000f3780000,0x00000000f3780000)
  from space 32256K, 99% used [0x00000000f7f80000,0x00000000f9edaa30,0x00000000f9f00000)
  to   space 37888K, 0% used [0x00000000f5500000,0x00000000f5500000,0x00000000f7a00000)
 ParOldGen       total 82432K, used 46656K [0x00000000c0000000, 0x00000000c5080000, 0x00000000eab00000)
  object space 82432K, 56% used [0x00000000c0000000,0x00000000c2d90208,0x00000000c5080000)
 Metaspace       used 6420K, capacity 7256K, committed 7424K, reserved 1056768K
  class space    used 612K, capacity 656K, committed 768K, reserved 1048576K

