# JRE version: Java(TM) SE Runtime Environment (8.0_60-b27) (build 1.8.0_60-b27)
# Java VM: Java HotSpot(TM) 64-Bit Server VM (25.60-b23 mixed mode linux-amd64 compressed oops)
Heap:
 PSYoungGen      total 128000K, used 34801K [0x00000000eab00000, 0x00000000f5680000, 0x0000000100000000)
  eden space 91648K, 0% used [0x00000000eab00000,0x00000000eab00000,0x00000000f0480000)
  from space 36352K, 95% used [0x00000000f0480000,0x00000000f267c650,0x00000000f2800000)
  to   space 38400K, 0% used [0x00000000f2800000,0x00000000f2800000,0x00000000f4d80000)
 ParOldGen       total 79872K, used 20842K [0x00000000c0000000, 0x00000000c4e00000, 0x00000000eab00000)
  object space 79872K, 26% used [0x00000000c0000000,0x00000000c145ab48,0x00000000c4e00000)
 Metaspace       used 4760K, capacity 5464K, committed 5760K, reserved 1056768K
  class space    used 495K, capacity 528K, committed 640K, reserved 1048576K
GC Heap History (10 events):
Event: 1.342 GC heap after
Heap after GC invocations=3 (full 0):
 PSYoungGen      total 33280K, used 2546K [0x00000000eab00000, 0x00000000eec00000, 0x0000000100000000)
  eden space 30720K, 0% used [0x00000000eab00000,0x00000000eab00000,0x00000000ec900000)
  from space 2560K, 99% used [0x00000000ec900000,0x00000000ecb7cb40,0x00000000ecb80000)
  to   space 2560K, 0% used [0x00000000ee980000,0x00000000ee980000,0x00000000eec00000)
 ParOldGen       total 50688K, used 45064K [0x00000000c0000000, 0x00000000c3180000, 0x00000000eab00000)
  object space 50688K, 88% used [0x00000000c0000000,0x00000000c2c02278,0x00000000c3180000)
 Metaspace       used 3846K, capacity 4944K, committed 5120K, reserved 1056768K
  class space    used 405K, capacity 456K, committed 512K, reserved 1048576K
}
Event: 1.342 GC heap before
{Heap before GC invocations=4 (full 1):
 PSYoungGen      total 33280K, used 2546K [0x00000000eab00000, 0x00000000eec00000, 0x0000000100000000)
  eden space 30720K, 0% used [0x00000000eab00000,0x00000000eab00000,0x00000000ec900000)
  from space 2560K, 99% used [0x00000000ec900000,0x00000000ecb7cb40,0x00000000ecb80000)
  to   space 2560K, 0% used [0x00000000ee980000,0x00000000ee980000,0x00000000eec00000)
 ParOldGen       total 50688K, used 45064K [0x00000000c0000000, 0x00000000c3180000, 0x00000000eab00000)
  object space 50688K, 88% used [0x00000000c0000000,0x00000000c2c02278,0x00000000c3180000)
 Metaspace       used 3846K, capacity 4944K, committed 5120K, reserved 1056768K
  class space    used 405K, capacity 456K, committed 512K, reserved 1048576K
Event: 1.378 GC heap after
Heap after GC invocations=4 (full 1):
 PSYoungGen      total 33280K, used 0K [0x00000000eab00000, 0x00000000eec00000, 0x0000000100000000)
  eden space 30720K, 0% used [0x00000000eab00000,0x00000000eab00000,0x00000000ec900000)
  from space 2560K, 0% used [0x00000000ec900000,0x00000000ec900000,0x00000000ecb80000)
  to   space 2560K, 0% used [0x00000000ee980000,0x00000000ee980000,0x00000000eec00000)
 ParOldGen       total 79872K, used 19296K [0x00000000c0000000, 0x00000000c4e00000, 0x00000000eab00000)
  object space 79872K, 24% used [0x00000000c0000000,0x00000000c12d8288,0x00000000c4e00000)
 Metaspace       used 3846K, capacity 4944K, committed 5120K, reserved 1056768K
  class space    used 405K, capacity 456K, committed 512K, reserved 1048576K
}
Event: 1.877 GC heap before
{Heap before GC invocations=5 (full 1):
 PSYoungGen      total 33280K, used 30720K [0x00000000eab00000, 0x00000000eec00000, 0x0000000100000000)
  eden space 30720K, 100% used [0x00000000eab00000,0x00000000ec900000,0x00000000ec900000)
  from space 2560K, 0% used [0x00000000ec900000,0x00000000ec900000,0x00000000ecb80000)
  to   space 2560K, 0% used [0x00000000ee980000,0x00000000ee980000,0x00000000eec00000)
 ParOldGen       total 79872K, used 19296K [0x00000000c0000000, 0x00000000c4e00000, 0x00000000eab00000)
  object space 79872K, 24% used [0x00000000c0000000,0x00000000c12d8288,0x00000000c4e00000)
 Metaspace       used 3947K, capacity 5008K, committed 5120K, reserved 1056768K
  class space    used 411K, capacity 456K, committed 512K, reserved 1048576K
Event: 1.936 GC heap after
Heap after GC invocations=5 (full 1):
 PSYoungGen      total 54272K, used 960K [0x00000000eab00000, 0x00000000eea80000, 0x0000000100000000)
  eden space 53248K, 0% used [0x00000000eab00000,0x00000000eab00000,0x00000000edf00000)
  from space 1024K, 93% used [0x00000000ee980000,0x00000000eea70000,0x00000000eea80000)
  to   space 2560K, 0% used [0x00000000ee580000,0x00000000ee580000,0x00000000ee800000)
 ParOldGen       total 79872K, used 19304K [0x00000000c0000000, 0x00000000c4e00000, 0x00000000eab00000)
  object space 79872K, 24% used [0x00000000c0000000,0x00000000c12da288,0x00000000c4e00000)
 Metaspace       used 3947K, capacity 5008K, committed 5120K, reserved 1056768K
  class space    used 411K, capacity 456K, committed 512K, reserved 1048576K
}
Event: 3.131 GC heap before
{Heap before GC invocations=6 (full 1):
 PSYoungGen      total 54272K, used 54208K [0x00000000eab00000, 0x00000000eea80000, 0x0000000100000000)
  eden space 53248K, 100% used [0x00000000eab00000,0x00000000edf00000,0x00000000edf00000)
  from space 1024K, 93% used [0x00000000ee980000,0x00000000eea70000,0x00000000eea80000)
  to   space 2560K, 0% used [0x00000000ee580000,0x00000000ee580000,0x00000000ee800000)
 ParOldGen       total 79872K, used 19304K [0x00000000c0000000, 0x00000000c4e00000, 0x00000000eab00000)
  object space 79872K, 24% used [0x00000000c0000000,0x00000000c12da288,0x00000000c4e00000)
 Metaspace       used 4433K, capacity 5424K, committed 5632K, reserved 1056768K
  class space    used 458K, capacity 488K, committed 512K, reserved 1048576K
Event: 3.151 GC heap after
Heap after GC invocations=6 (full 1):
 PSYoungGen      total 62464K, used 2558K [0x00000000eab00000, 0x00000000f4d80000, 0x0000000100000000)
  eden space 59904K, 0% used [0x00000000eab00000,0x00000000eab00000,0x00000000ee580000)
  from space 2560K, 99% used [0x00000000ee580000,0x00000000ee7ff978,0x00000000ee800000)
  to   space 38400K, 0% used [0x00000000f2800000,0x00000000f2800000,0x00000000f4d80000)
 ParOldGen       total 79872K, used 20826K [0x00000000c0000000, 0x00000000c4e00000, 0x00000000eab00000)
  object space 79872K, 26% used [0x00000000c0000000,0x00000000c1456b48,0x00000000c4e00000)
 Metaspace       used 4433K, capacity 5424K, committed 5632K, reserved 1056768K
  class space    used 458K, capacity 488K, committed 512K, reserved 1048576K
}
Event: 4.087 GC heap before
{Heap before GC invocations=7 (full 1):
 PSYoungGen      total 62464K, used 57462K [0x00000000eab00000, 0x00000000f4d80000, 0x0000000100000000)
  eden space 59904K, 91% used [0x00000000eab00000,0x00000000ee09dfc8,0x00000000ee580000)
  from space 2560K, 99% used [0x00000000ee580000,0x00000000ee7ff978,0x00000000ee800000)
  to   space 38400K, 0% used [0x00000000f2800000,0x00000000f2800000,0x00000000f4d80000)
 ParOldGen       total 79872K, used 20826K [0x00000000c0000000, 0x00000000c4e00000, 0x00000000eab00000)
  object space 79872K, 26% used [0x00000000c0000000,0x00000000c1456b48,0x00000000c4e00000)
 Metaspace       used 4751K, capacity 5432K, committed 5632K, reserved 1056768K
  class space    used 494K, capacity 496K, committed 512K, reserved 1048576K
Event: 4.185 GC heap after
Heap after GC invocations=7 (full 1):
 PSYoungGen      total 130048K, used 2080K [0x00000000eab00000, 0x00000000f5680000, 0x0000000100000000)
  eden space 91648K, 0% used [0x00000000eab00000,0x00000000eab00000,0x00000000f0480000)
  from space 38400K, 5% used [0x00000000f2800000,0x00000000f2a08018,0x00000000f4d80000)
  to   space 36352K, 0% used [0x00000000f0480000,0x00000000f0480000,0x00000000f2800000)
 ParOldGen       total 79872K, used 20834K [0x00000000c0000000, 0x00000000c4e00000, 0x00000000eab00000)
  object space 79872K, 26% used [0x00000000c0000000,0x00000000c1458b48,0x00000000c4e00000)
 Metaspace       used 4751K, capacity 5432K, committed 5632K, reserved 1056768K
  class space    used 494K, capacity 496K, committed 512K, reserved 1048576K
}
Event: 4.963 GC heap before
{Heap before GC invocations=8 (full 1):
 PSYoungGen      total 130048K, used 93728K [0x00000000eab00000, 0x00000000f5680000, 0x0000000100000000)
  eden space 91648K, 100% used [0x00000000eab00000,0x00000000f0480000,0x00000000f0480000)
  from space 38400K, 5% used [0x00000000f2800000,0x00000000f2a08018,0x00000000f4d80000)
  to   space 36352K, 0% used [0x00000000f0480000,0x00000000f0480000,0x00000000f2800000)
 ParOldGen       total 79872K, used 20834K [0x00000000c0000000, 0x00000000c4e00000, 0x00000000eab00000)
  object space 79872K, 26% used [0x00000000c0000000,0x00000000c1458b48,0x00000000c4e00000)
 Metaspace       used 4760K, capacity 5464K, committed 5760K, reserved 1056768K
  class space    used 495K, capacity 528K, committed 640K, reserved 1048576K

