# JRE version: Java(TM) SE Runtime Environment (8.0_60-b27) (build 1.8.0_60-b27)
# Java VM: Java HotSpot(TM) 64-Bit Server VM (25.60-b23 mixed mode linux-amd64 compressed oops)
Heap:
 PSYoungGen      total 140800K, used 34571K [0x00000000eab00000, 0x00000000f5a80000, 0x0000000100000000)
  eden space 103936K, 0% used [0x00000000eab00000,0x00000000eab00000,0x00000000f1080000)
  from space 36864K, 93% used [0x00000000f1080000,0x00000000f3242ec0,0x00000000f3480000)
  to   space 38912K, 0% used [0x00000000f3480000,0x00000000f3480000,0x00000000f5a80000)
 ParOldGen       total 78336K, used 21409K [0x00000000c0000000, 0x00000000c4c80000, 0x00000000eab00000)
  object space 78336K, 27% used [0x00000000c0000000,0x00000000c14e87e8,0x00000000c4c80000)
 Metaspace       used 4768K, capacity 5464K, committed 5760K, reserved 1056768K
  class space    used 495K, capacity 528K, committed 640K, reserved 1048576K
GC Heap History (10 events):
Event: 1.245 GC heap after
Heap after GC invocations=3 (full 0):
 PSYoungGen      total 33280K, used 2547K [0x00000000eab00000, 0x00000000eec00000, 0x0000000100000000)
  eden space 30720K, 0% used [0x00000000eab00000,0x00000000eab00000,0x00000000ec900000)
  from space 2560K, 99% used [0x00000000ec900000,0x00000000ecb7cd58,0x00000000ecb80000)
  to   space 2560K, 0% used [0x00000000ee980000,0x00000000ee980000,0x00000000eec00000)
 ParOldGen       total 50688K, used 45334K [0x00000000c0000000, 0x00000000c3180000, 0x00000000eab00000)
  object space 50688K, 89% used [0x00000000c0000000,0x00000000c2c45bc8,0x00000000c3180000)
 Metaspace       used 3840K, capacity 4944K, committed 5120K, reserved 1056768K
  class space    used 405K, capacity 456K, committed 512K, reserved 1048576K
}
Event: 1.245 GC heap before
{Heap before GC invocations=4 (full 1):
 PSYoungGen      total 33280K, used 2547K [0x00000000eab00000, 0x00000000eec00000, 0x0000000100000000)
  eden space 30720K, 0% used [0x00000000eab00000,0x00000000eab00000,0x00000000ec900000)
  from space 2560K, 99% used [0x00000000ec900000,0x00000000ecb7cd58,0x00000000ecb80000)
  to   space 2560K, 0% used [0x00000000ee980000,0x00000000ee980000,0x00000000eec00000)
 ParOldGen       total 50688K, used 45334K [0x00000000c0000000, 0x00000000c3180000, 0x00000000eab00000)
  object space 50688K, 89% used [0x00000000c0000000,0x00000000c2c45bc8,0x00000000c3180000)
 Metaspace       used 3840K, capacity 4944K, committed 5120K, reserved 1056768K
  class space    used 405K, capacity 456K, committed 512K, reserved 1048576K
Event: 1.266 GC heap after
Heap after GC invocations=4 (full 1):
 PSYoungGen      total 33280K, used 0K [0x00000000eab00000, 0x00000000eec00000, 0x0000000100000000)
  eden space 30720K, 0% used [0x00000000eab00000,0x00000000eab00000,0x00000000ec900000)
  from space 2560K, 0% used [0x00000000ec900000,0x00000000ec900000,0x00000000ecb80000)
  to   space 2560K, 0% used [0x00000000ee980000,0x00000000ee980000,0x00000000eec00000)
 ParOldGen       total 78336K, used 19613K [0x00000000c0000000, 0x00000000c4c80000, 0x00000000eab00000)
  object space 78336K, 25% used [0x00000000c0000000,0x00000000c13277c8,0x00000000c4c80000)
 Metaspace       used 3840K, capacity 4944K, committed 5120K, reserved 1056768K
  class space    used 405K, capacity 456K, committed 512K, reserved 1048576K
}
Event: 1.798 GC heap before
{Heap before GC invocations=5 (full 1):
 PSYoungGen      total 33280K, used 30720K [0x00000000eab00000, 0x00000000eec00000, 0x0000000100000000)
  eden space 30720K, 100% used [0x00000000eab00000,0x00000000ec900000,0x00000000ec900000)
  from space 2560K, 0% used [0x00000000ec900000,0x00000000ec900000,0x00000000ecb80000)
  to   space 2560K, 0% used [0x00000000ee980000,0x00000000ee980000,0x00000000eec00000)
 ParOldGen       total 78336K, used 19613K [0x00000000c0000000, 0x00000000c4c80000, 0x00000000eab00000)
  object space 78336K, 25% used [0x00000000c0000000,0x00000000c13277c8,0x00000000c4c80000)
 Metaspace       used 3939K, capacity 5008K, committed 5120K, reserved 1056768K
  class space    used 411K, capacity 456K, committed 512K, reserved 1048576K
Event: 1.874 GC heap after
Heap after GC invocations=5 (full 1):
 PSYoungGen      total 57344K, used 992K [0x00000000eab00000, 0x00000000eea80000, 0x0000000100000000)
  eden space 56320K, 0% used [0x00000000eab00000,0x00000000eab00000,0x00000000ee200000)
  from space 1024K, 96% used [0x00000000ee980000,0x00000000eea78000,0x00000000eea80000)
  to   space 2560K, 0% used [0x00000000ee580000,0x00000000ee580000,0x00000000ee800000)
 ParOldGen       total 78336K, used 19621K [0x00000000c0000000, 0x00000000c4c80000, 0x00000000eab00000)
  object space 78336K, 25% used [0x00000000c0000000,0x00000000c13297c8,0x00000000c4c80000)
 Metaspace       used 3939K, capacity 5008K, committed 5120K, reserved 1056768K
  class space    used 411K, capacity 456K, committed 512K, reserved 1048576K
}
Event: 3.360 GC heap before
{Heap before GC invocations=6 (full 1):
 PSYoungGen      total 57344K, used 57312K [0x00000000eab00000, 0x00000000eea80000, 0x0000000100000000)
  eden space 56320K, 100% used [0x00000000eab00000,0x00000000ee200000,0x00000000ee200000)
  from space 1024K, 96% used [0x00000000ee980000,0x00000000eea78000,0x00000000eea80000)
  to   space 2560K, 0% used [0x00000000ee580000,0x00000000ee580000,0x00000000ee800000)
 ParOldGen       total 78336K, used 19621K [0x00000000c0000000, 0x00000000c4c80000, 0x00000000eab00000)
  object space 78336K, 25% used [0x00000000c0000000,0x00000000c13297c8,0x00000000c4c80000)
 Metaspace       used 4434K, capacity 5424K, committed 5632K, reserved 1056768K
  class space    used 458K, capacity 488K, committed 512K, reserved 1048576K
Event: 3.394 GC heap after
Heap after GC invocations=6 (full 1):
 PSYoungGen      total 62464K, used 2558K [0x00000000eab00000, 0x00000000f5a80000, 0x0000000100000000)
  eden space 59904K, 0% used [0x00000000eab00000,0x00000000eab00000,0x00000000ee580000)
  from space 2560K, 99% used [0x00000000ee580000,0x00000000ee7ff970,0x00000000ee800000)
  to   space 38912K, 0% used [0x00000000f3480000,0x00000000f3480000,0x00000000f5a80000)
 ParOldGen       total 78336K, used 21137K [0x00000000c0000000, 0x00000000c4c80000, 0x00000000eab00000)
  object space 78336K, 26% used [0x00000000c0000000,0x00000000c14a47d0,0x00000000c4c80000)
 Metaspace       used 4434K, capacity 5424K, committed 5632K, reserved 1056768K
  class space    used 458K, capacity 488K, committed 512K, reserved 1048576K
}
Event: 4.507 GC heap before
{Heap before GC invocations=7 (full 1):
 PSYoungGen      total 62464K, used 56030K [0x00000000eab00000, 0x00000000f5a80000, 0x0000000100000000)
  eden space 59904K, 89% used [0x00000000eab00000,0x00000000edf37fc8,0x00000000ee580000)
  from space 2560K, 99% used [0x00000000ee580000,0x00000000ee7ff970,0x00000000ee800000)
  to   space 38912K, 0% used [0x00000000f3480000,0x00000000f3480000,0x00000000f5a80000)
 ParOldGen       total 78336K, used 21137K [0x00000000c0000000, 0x00000000c4c80000, 0x00000000eab00000)
  object space 78336K, 26% used [0x00000000c0000000,0x00000000c14a47d0,0x00000000c4c80000)
 Metaspace       used 4758K, capacity 5432K, committed 5632K, reserved 1056768K
  class space    used 494K, capacity 496K, committed 512K, reserved 1048576K
Event: 4.524 GC heap after
Heap after GC invocations=7 (full 1):
 PSYoungGen      total 142848K, used 2080K [0x00000000eab00000, 0x00000000f5a80000, 0x0000000100000000)
  eden space 103936K, 0% used [0x00000000eab00000,0x00000000eab00000,0x00000000f1080000)
  from space 38912K, 5% used [0x00000000f3480000,0x00000000f3688018,0x00000000f5a80000)
  to   space 36864K, 0% used [0x00000000f1080000,0x00000000f1080000,0x00000000f3480000)
 ParOldGen       total 78336K, used 21401K [0x00000000c0000000, 0x00000000c4c80000, 0x00000000eab00000)
  object space 78336K, 27% used [0x00000000c0000000,0x00000000c14e67e8,0x00000000c4c80000)
 Metaspace       used 4758K, capacity 5432K, committed 5632K, reserved 1056768K
  class space    used 494K, capacity 496K, committed 512K, reserved 1048576K
}
Event: 5.409 GC heap before
{Heap before GC invocations=8 (full 1):
 PSYoungGen      total 142848K, used 106016K [0x00000000eab00000, 0x00000000f5a80000, 0x0000000100000000)
  eden space 103936K, 100% used [0x00000000eab00000,0x00000000f1080000,0x00000000f1080000)
  from space 38912K, 5% used [0x00000000f3480000,0x00000000f3688018,0x00000000f5a80000)
  to   space 36864K, 0% used [0x00000000f1080000,0x00000000f1080000,0x00000000f3480000)
 ParOldGen       total 78336K, used 21401K [0x00000000c0000000, 0x00000000c4c80000, 0x00000000eab00000)
  object space 78336K, 27% used [0x00000000c0000000,0x00000000c14e67e8,0x00000000c4c80000)
 Metaspace       used 4768K, capacity 5464K, committed 5760K, reserved 1056768K
  class space    used 495K, capacity 528K, committed 640K, reserved 1048576K

